Operating system: Microsoft Windows NT 6.2.9200.0
Opening INI file "C:\Users\Alex.field4\Desktop\_BACKUP\s2disasm-master\Sonic 2 Simon Wai Disassembly\SonLVL INI Files\SonLVL.ini"...
Game type is S2NA.
Loading Hill Top Zone Act 1...
Loading 16x16 blocks from file "../mappings/16x16/GHZ.bin", using compression Uncompressed...
Loading 128x128 chunks from file "../mappings/128x128/GHZ and HTZ.bin", using compression Kosinski...
Loading 16x16 blocks from file "../mappings/16x16/HTZ.bin", using compression Uncompressed...
Loading 8x8 tiles from file "../art/nemesis/GHZ and HTZ primary.bin", using compression Nemesis...
Loading FG layout from file "../level/layout/HTZ_1.bin", using compression Uncompressed...
Loading BG layout from file "../level/layout/HTZ_1_BG.bin", using compression Uncompressed...
Loading palette file "../art/palettes/Sonic and Tails.bin"...
Source: 0 Destination: 0 Length: 16
Loading palette file "../art/palettes/HTZ.bin"...
Source: 0 Destination: 16 Length: 48
Loading FG layout from file "../level/layout/GHZ_1.bin", using compression Uncompressed...
Loading BG layout from file "../level/layout/GHZ_BG.bin", using compression Uncompressed...
Loading 8x8 tiles from file "../art/nemesis/HTZ secondary.bin", using compression Nemesis...
Loading FG layout from file "../level/layout/GHZ_2.bin", using compression Uncompressed...
Loading FG layout from file "../level/layout/HTZ_2.bin", using compression Uncompressed...
Loading BG layout from file "../level/layout/HTZ_2_BG.bin", using compression Uncompressed...
Loading object definition file "obj.ini".
Loading object definition file "objHTZ.ini".
Loading ObjectDefinition type S2ObjectDefinitions.Common.PathSwapper from "Common\PathSwapper.cs"...
Loading type from cached assembly "dllcache\S2ObjectDefinitions.Common.PathSwapper.dll"...
Loading type from cached assembly "dllcache\S2ObjectDefinitions.Common.Spikes.dll"...
Loading objects from file "../level/objects/HTZ_1.bin", using compression Uncompressed...
Loading rings from file "../level/rings/HTZ_1.bin", using compression Uncompressed...
Loading start position "Level Start" from file "../level/startpos/HTZ_1.bin"...
Drawing block bitmaps...
Drawing chunk bitmaps...
Level loaded in 1.7748131 second(s).
Load completed.
Opening INI file "C:\Users\Alex.field4\Desktop\_BACKUP\s2disasm-master\Sonic 2 Simon Wai Disassembly\SonLVL INI Files\SonLVL.ini"...
Game type is S2NA.
Loading Hill Top Zone Act 1...
Loading 16x16 blocks from file "../mappings/16x16/GHZ.bin", using compression Uncompressed...
Loading 8x8 tiles from file "../art/nemesis/GHZ and HTZ primary.bin", using compression Nemesis...
Loading FG layout from file "../level/layout/HTZ_1.bin", using compression Uncompressed...
Loading 128x128 chunks from file "../mappings/128x128/GHZ and HTZ.bin", using compression Kosinski...
Loading BG layout from file "../level/layout/HTZ_1_BG.bin", using compression Uncompressed...
Loading 16x16 blocks from file "../mappings/16x16/HTZ.bin", using compression Uncompressed...
Loading FG layout from file "../level/layout/GHZ_1.bin", using compression Uncompressed...
Loading palette file "../art/palettes/Sonic and Tails.bin"...
Source: 0 Destination: 0 Length: 16
Loading BG layout from file "../level/layout/GHZ_BG.bin", using compression Uncompressed...
Loading palette file "../art/palettes/HTZ.bin"...
Source: 0 Destination: 16 Length: 48
Loading FG layout from file "../level/layout/GHZ_2.bin", using compression Uncompressed...
Loading FG layout from file "../level/layout/HTZ_2.bin", using compression Uncompressed...
Loading 8x8 tiles from file "../art/nemesis/HTZ secondary.bin", using compression Nemesis...
Loading BG layout from file "../level/layout/HTZ_2_BG.bin", using compression Uncompressed...
Loading object definition file "obj.ini".
Loading object definition file "objHTZ.ini".
Loading ObjectDefinition type S2ObjectDefinitions.Common.PathSwapper from "Common\PathSwapper.cs"...
Loading type from cached assembly "dllcache\S2ObjectDefinitions.Common.PathSwapper.dll"...
Loading type from cached assembly "dllcache\S2ObjectDefinitions.Common.Spikes.dll"...
Loading start position "Level Start" from file "../level/startpos/HTZ_1.bin"...
Loading objects from file "../level/objects/HTZ_1.bin", using compression Uncompressed...
Loading rings from file "../level/rings/HTZ_1.bin", using compression Uncompressed...
Drawing block bitmaps...
Drawing chunk bitmaps...
Level loaded in 1.818212 second(s).
Load completed.
Opening INI file "C:\Users\Alex.field4\Desktop\_BACKUP\s2disasm-master\Sonic 2 Simon Wai Disassembly\SonLVL INI Files\SonLVL.ini"...
Game type is S2NA.
Loading Hill Top Zone Act 1...
Loading 8x8 tiles from file "../art/nemesis/GHZ and HTZ primary.bin", using compression Nemesis...
Loading 16x16 blocks from file "../mappings/16x16/GHZ.bin", using compression Uncompressed...
Loading 128x128 chunks from file "../mappings/128x128/GHZ and HTZ.bin", using compression Kosinski...
Loading FG layout from file "../level/layout/HTZ_1.bin", using compression Uncompressed...
Loading BG layout from file "../level/layout/HTZ_1_BG.bin", using compression Uncompressed...
Loading 16x16 blocks from file "../mappings/16x16/HTZ.bin", using compression Uncompressed...
Loading palette file "../art/palettes/Sonic and Tails.bin"...
Source: 0 Destination: 0 Length: 16
Loading FG layout from file "../level/layout/GHZ_1.bin", using compression Uncompressed...
Loading palette file "../art/palettes/HTZ.bin"...
Source: 0 Destination: 16 Length: 48
Loading BG layout from file "../level/layout/GHZ_BG.bin", using compression Uncompressed...
Loading FG layout from file "../level/layout/GHZ_2.bin", using compression Uncompressed...
Loading FG layout from file "../level/layout/HTZ_2.bin", using compression Uncompressed...
Loading BG layout from file "../level/layout/HTZ_2_BG.bin", using compression Uncompressed...
Loading 8x8 tiles from file "../art/nemesis/HTZ secondary.bin", using compression Nemesis...
Loading object definition file "obj.ini".
Loading object definition file "objHTZ.ini".
Loading ObjectDefinition type S2ObjectDefinitions.Common.PathSwapper from "Common\PathSwapper.cs"...
Loading type from cached assembly "dllcache\S2ObjectDefinitions.Common.PathSwapper.dll"...
Loading type from cached assembly "dllcache\S2ObjectDefinitions.Common.Spikes.dll"...
Loading start position "Level Start" from file "../level/startpos/HTZ_1.bin"...
Loading objects from file "../level/objects/HTZ_1.bin", using compression Uncompressed...
Loading rings from file "../level/rings/HTZ_1.bin", using compression Uncompressed...
Drawing block bitmaps...
Drawing chunk bitmaps...
Level loaded in 1.5189885 second(s).
Load completed.
Loading Hill Top Zone Act 2...
Loading 8x8 tiles from file "../art/nemesis/GHZ and HTZ primary.bin", using compression Nemesis...
Loading 16x16 blocks from file "../mappings/16x16/GHZ.bin", using compression Uncompressed...
Loading 128x128 chunks from file "../mappings/128x128/GHZ and HTZ.bin", using compression Kosinski...
Loading FG layout from file "../level/layout/HTZ_2.bin", using compression Uncompressed...
Loading 16x16 blocks from file "../mappings/16x16/HTZ.bin", using compression Uncompressed...
Loading palette file "../art/palettes/Sonic and Tails.bin"...
Source: 0 Destination: 0 Length: 16
Loading palette file "../art/palettes/HTZ.bin"...
Source: 0 Destination: 16 Length: 48
Loading BG layout from file "../level/layout/HTZ_2_BG.bin", using compression Uncompressed...
Loading 8x8 tiles from file "../art/nemesis/HTZ secondary.bin", using compression Nemesis...
Loading FG layout from file "../level/layout/GHZ_1.bin", using compression Uncompressed...
Loading BG layout from file "../level/layout/GHZ_BG.bin", using compression Uncompressed...
Loading FG layout from file "../level/layout/GHZ_2.bin", using compression Uncompressed...
Loading FG layout from file "../level/layout/HTZ_1.bin", using compression Uncompressed...
Loading BG layout from file "../level/layout/HTZ_1_BG.bin", using compression Uncompressed...
Loading object definition file "obj.ini".
Loading object definition file "objHTZ.ini".
Loading ObjectDefinition type S2ObjectDefinitions.Common.PathSwapper from "Common\PathSwapper.cs"...
Loading type from cached assembly "dllcache\S2ObjectDefinitions.Common.PathSwapper.dll"...
Loading type from cached assembly "dllcache\S2ObjectDefinitions.Common.Spikes.dll"...
Loading objects from file "../level/objects/HTZ_2.bin", using compression Uncompressed...
Loading rings from file "../level/rings/HTZ_2.bin", using compression Uncompressed...
Loading start position "Level Start" from file "../level/startpos/HTZ_2.bin"...
Drawing block bitmaps...
Drawing chunk bitmaps...
Level loaded in 1.551296 second(s).
Load completed.
Opening INI file "C:\Users\Alex.field4\Desktop\_BACKUP\s2disasm-master\Sonic 2 Simon Wai Disassembly\SonLVL INI Files\SonLVL.ini"...
Game type is S2NA.
Loading Hill Top Zone Act 1...
Loading 8x8 tiles from file "../art/nemesis/GHZ and HTZ primary.bin", using compression Nemesis...
Loading 16x16 blocks from file "../mappings/16x16/GHZ.bin", using compression Uncompressed...
Loading 128x128 chunks from file "../mappings/128x128/GHZ and HTZ.bin", using compression Kosinski...
Loading FG layout from file "../level/layout/HTZ_1.bin", using compression Uncompressed...
Loading BG layout from file "../level/layout/HTZ_1_BG.bin", using compression Uncompressed...
Loading 16x16 blocks from file "../mappings/16x16/HTZ.bin", using compression Uncompressed...
Loading FG layout from file "../level/layout/GHZ_1.bin", using compression Uncompressed...
Loading palette file "../art/palettes/Sonic and Tails.bin"...
Source: 0 Destination: 0 Length: 16
Loading BG layout from file "../level/layout/GHZ_BG.bin", using compression Uncompressed...
Loading palette file "../art/palettes/HTZ.bin"...
Source: 0 Destination: 16 Length: 48
Loading FG layout from file "../level/layout/GHZ_2.bin", using compression Uncompressed...
Loading FG layout from file "../level/layout/HTZ_2.bin", using compression Uncompressed...
Loading BG layout from file "../level/layout/HTZ_2_BG.bin", using compression Uncompressed...
Loading 8x8 tiles from file "../art/nemesis/HTZ secondary.bin", using compression Nemesis...
Loading object definition file "obj.ini".
Loading object definition file "objHTZ.ini".
Loading ObjectDefinition type S2ObjectDefinitions.Common.PathSwapper from "Common\PathSwapper.cs"...
Loading type from cached assembly "dllcache\S2ObjectDefinitions.Common.PathSwapper.dll"...
Loading type from cached assembly "dllcache\S2ObjectDefinitions.Common.Spikes.dll"...
System.AggregateException: One or more errors occurred. ---> System.ArgumentOutOfRangeException: Index was out of range. Must be non-negative and less than the size of the collection.
Parameter name: index
   at System.ThrowHelper.ThrowArgumentOutOfRangeException(ExceptionArgument argument, ExceptionResource resource)
   at SonicRetro.SonLVL.API.ObjectHelper.MapToBmp(Byte[] artfile, Byte[] mapfile, Int32 frame, Int32 startpal, Boolean priority, EngineVersion version) in C:\Programs\SonLVL\SonLVLAPI\ObjectHelper.cs:line 20
   at SonicRetro.SonLVL.API.XMLObjectDefinition.Init(ObjectData data) in C:\Programs\SonLVL\SonLVLAPI\ObjectDefinition.cs:line 710
   at SonicRetro.SonLVL.API.LevelData.<>c__DisplayClass102_0.<InitObjectDefinitions>b__0(KeyValuePair`2 group) in C:\Programs\SonLVL\SonLVLAPI\LevelData.cs:line 1563
   at System.Threading.Tasks.Parallel.<>c__DisplayClass42_0`2.<PartitionerForEachWorker>b__1()
   at System.Threading.Tasks.Task.InnerInvoke()
   at System.Threading.Tasks.Task.InnerInvokeWithArg(Task childTask)
   at System.Threading.Tasks.Task.<>c__DisplayClass176_0.<ExecuteSelfReplicating>b__0(Object <p0>)
   --- End of inner exception stack trace ---
   at System.Threading.Tasks.Task.ThrowIfExceptional(Boolean includeTaskCanceledExceptions)
   at System.Threading.Tasks.Task.Wait(Int32 millisecondsTimeout, CancellationToken cancellationToken)
   at System.Threading.Tasks.Task.Wait()
   at System.Threading.Tasks.Parallel.PartitionerForEachWorker[TSource,TLocal](Partitioner`1 source, ParallelOptions parallelOptions, Action`1 simpleBody, Action`2 bodyWithState, Action`3 bodyWithStateAndIndex, Func`4 bodyWithStateAndLocal, Func`5 bodyWithEverything, Func`1 localInit, Action`1 localFinally)
   at System.Threading.Tasks.Parallel.ForEachWorker[TSource,TLocal](IEnumerable`1 source, ParallelOptions parallelOptions, Action`1 body, Action`2 bodyWithState, Action`3 bodyWithStateAndIndex, Func`4 bodyWithStateAndLocal, Func`5 bodyWithEverything, Func`1 localInit, Action`1 localFinally)
   at System.Threading.Tasks.Parallel.ForEach[TSource](IEnumerable`1 source, Action`1 body)
   at SonicRetro.SonLVL.API.LevelData.InitObjectDefinitions() in C:\Programs\SonLVL\SonLVLAPI\LevelData.cs:line 1490
   at SonicRetro.SonLVL.API.LevelData.LoadLevel(String levelname, Boolean loadGraphics) in C:\Programs\SonLVL\SonLVLAPI\LevelData.cs:line 306
   at SonicRetro.SonLVL.GUI.MainForm.backgroundLevelLoader_DoWork(Object sender, DoWorkEventArgs e) in C:\Programs\SonLVL\SonLVL\MainForm.cs:line 567
---> (Inner Exception #0) System.ArgumentOutOfRangeException: Index was out of range. Must be non-negative and less than the size of the collection.
Parameter name: index
   at System.ThrowHelper.ThrowArgumentOutOfRangeException(ExceptionArgument argument, ExceptionResource resource)
   at SonicRetro.SonLVL.API.ObjectHelper.MapToBmp(Byte[] artfile, Byte[] mapfile, Int32 frame, Int32 startpal, Boolean priority, EngineVersion version) in C:\Programs\SonLVL\SonLVLAPI\ObjectHelper.cs:line 20
   at SonicRetro.SonLVL.API.XMLObjectDefinition.Init(ObjectData data) in C:\Programs\SonLVL\SonLVLAPI\ObjectDefinition.cs:line 710
   at SonicRetro.SonLVL.API.LevelData.<>c__DisplayClass102_0.<InitObjectDefinitions>b__0(KeyValuePair`2 group) in C:\Programs\SonLVL\SonLVLAPI\LevelData.cs:line 1563
   at System.Threading.Tasks.Parallel.<>c__DisplayClass42_0`2.<PartitionerForEachWorker>b__1()
   at System.Threading.Tasks.Task.InnerInvoke()
   at System.Threading.Tasks.Task.InnerInvokeWithArg(Task childTask)
   at System.Threading.Tasks.Task.<>c__DisplayClass176_0.<ExecuteSelfReplicating>b__0(Object <p0>)<---

Loading Hill Top Zone Act 1...
Loading 16x16 blocks from file "../mappings/16x16/GHZ.bin", using compression Uncompressed...
Loading 128x128 chunks from file "../mappings/128x128/GHZ and HTZ.bin", using compression Kosinski...
Loading FG layout from file "../level/layout/HTZ_1.bin", using compression Uncompressed...
Loading BG layout from file "../level/layout/HTZ_1_BG.bin", using compression Uncompressed...
Loading 16x16 blocks from file "../mappings/16x16/HTZ.bin", using compression Uncompressed...
Loading FG layout from file "../level/layout/GHZ_1.bin", using compression Uncompressed...
Loading palette file "../art/palettes/Sonic and Tails.bin"...
Source: 0 Destination: 0 Length: 16
Loading BG layout from file "../level/layout/GHZ_BG.bin", using compression Uncompressed...
Loading palette file "../art/palettes/HTZ.bin"...
Source: 0 Destination: 16 Length: 48
Loading FG layout from file "../level/layout/GHZ_2.bin", using compression Uncompressed...
Loading 8x8 tiles from file "../art/nemesis/GHZ and HTZ primary.bin", using compression Nemesis...
Loading FG layout from file "../level/layout/HTZ_2.bin", using compression Uncompressed...
Loading BG layout from file "../level/layout/HTZ_2_BG.bin", using compression Uncompressed...
Loading 8x8 tiles from file "../art/nemesis/HTZ secondary.bin", using compression Nemesis...
Loading object definition file "obj.ini".
Loading object definition file "objHTZ.ini".
Loading ObjectDefinition type S2ObjectDefinitions.Common.PathSwapper from "Common\PathSwapper.cs"...
Loading type from cached assembly "dllcache\S2ObjectDefinitions.Common.PathSwapper.dll"...
Loading type from cached assembly "dllcache\S2ObjectDefinitions.Common.Spikes.dll"...
System.AggregateException: One or more errors occurred. ---> System.ArgumentOutOfRangeException: Index was out of range. Must be non-negative and less than the size of the collection.
Parameter name: index
   at System.ThrowHelper.ThrowArgumentOutOfRangeException(ExceptionArgument argument, ExceptionResource resource)
   at SonicRetro.SonLVL.API.ObjectHelper.MapToBmp(Byte[] artfile, Byte[] mapfile, Int32 frame, Int32 startpal, Boolean priority, EngineVersion version) in C:\Programs\SonLVL\SonLVLAPI\ObjectHelper.cs:line 20
   at SonicRetro.SonLVL.API.XMLObjectDefinition.Init(ObjectData data) in C:\Programs\SonLVL\SonLVLAPI\ObjectDefinition.cs:line 710
   at SonicRetro.SonLVL.API.LevelData.<>c__DisplayClass102_0.<InitObjectDefinitions>b__0(KeyValuePair`2 group) in C:\Programs\SonLVL\SonLVLAPI\LevelData.cs:line 1563
   at System.Threading.Tasks.Parallel.<>c__DisplayClass42_0`2.<PartitionerForEachWorker>b__1()
   at System.Threading.Tasks.Task.InnerInvoke()
   at System.Threading.Tasks.Task.InnerInvokeWithArg(Task childTask)
   at System.Threading.Tasks.Task.<>c__DisplayClass176_0.<ExecuteSelfReplicating>b__0(Object <p0>)
   --- End of inner exception stack trace ---
   at System.Threading.Tasks.Task.ThrowIfExceptional(Boolean includeTaskCanceledExceptions)
   at System.Threading.Tasks.Task.Wait(Int32 millisecondsTimeout, CancellationToken cancellationToken)
   at System.Threading.Tasks.Task.Wait()
   at System.Threading.Tasks.Parallel.PartitionerForEachWorker[TSource,TLocal](Partitioner`1 source, ParallelOptions parallelOptions, Action`1 simpleBody, Action`2 bodyWithState, Action`3 bodyWithStateAndIndex, Func`4 bodyWithStateAndLocal, Func`5 bodyWithEverything, Func`1 localInit, Action`1 localFinally)
   at System.Threading.Tasks.Parallel.ForEachWorker[TSource,TLocal](IEnumerable`1 source, ParallelOptions parallelOptions, Action`1 body, Action`2 bodyWithState, Action`3 bodyWithStateAndIndex, Func`4 bodyWithStateAndLocal, Func`5 bodyWithEverything, Func`1 localInit, Action`1 localFinally)
   at System.Threading.Tasks.Parallel.ForEach[TSource](IEnumerable`1 source, Action`1 body)
   at SonicRetro.SonLVL.API.LevelData.InitObjectDefinitions() in C:\Programs\SonLVL\SonLVLAPI\LevelData.cs:line 1490
   at SonicRetro.SonLVL.API.LevelData.LoadLevel(String levelname, Boolean loadGraphics) in C:\Programs\SonLVL\SonLVLAPI\LevelData.cs:line 306
   at SonicRetro.SonLVL.GUI.MainForm.backgroundLevelLoader_DoWork(Object sender, DoWorkEventArgs e) in C:\Programs\SonLVL\SonLVL\MainForm.cs:line 567
---> (Inner Exception #0) System.ArgumentOutOfRangeException: Index was out of range. Must be non-negative and less than the size of the collection.
Parameter name: index
   at System.ThrowHelper.ThrowArgumentOutOfRangeException(ExceptionArgument argument, ExceptionResource resource)
   at SonicRetro.SonLVL.API.ObjectHelper.MapToBmp(Byte[] artfile, Byte[] mapfile, Int32 frame, Int32 startpal, Boolean priority, EngineVersion version) in C:\Programs\SonLVL\SonLVLAPI\ObjectHelper.cs:line 20
   at SonicRetro.SonLVL.API.XMLObjectDefinition.Init(ObjectData data) in C:\Programs\SonLVL\SonLVLAPI\ObjectDefinition.cs:line 710
   at SonicRetro.SonLVL.API.LevelData.<>c__DisplayClass102_0.<InitObjectDefinitions>b__0(KeyValuePair`2 group) in C:\Programs\SonLVL\SonLVLAPI\LevelData.cs:line 1563
   at System.Threading.Tasks.Parallel.<>c__DisplayClass42_0`2.<PartitionerForEachWorker>b__1()
   at System.Threading.Tasks.Task.InnerInvoke()
   at System.Threading.Tasks.Task.InnerInvokeWithArg(Task childTask)
   at System.Threading.Tasks.Task.<>c__DisplayClass176_0.<ExecuteSelfReplicating>b__0(Object <p0>)<---

